This is pdfTeX, Version 3.141592653-2.6-1.40.23 (MiKTeX 21.10) (preloaded format=pdflatex 2021.12.6)  7 DEC 2021 09:40
entering extended mode
**"C:/Users/GGPC/OneDrive - Victoria University of Wellington - STUDENT/SolarEa
rthquake/latex/03_12.tex"

(C:/Users/GGPC/OneDrive - Victoria University of Wellington - STUDENT/SolarEart
hquake/latex/03_12.tex
LaTeX2e <2021-11-15>
L3 programming layer <2021-11-22>
(C:/Users/GGPC/AppData/Local/Programs/MiKTeX\tex/latex/base\article.cls
Document Class: article 2021/10/04 v1.4n Standard LaTeX document class
(C:/Users/GGPC/AppData/Local/Programs/MiKTeX\tex/latex/base\size12.clo
File: size12.clo 2021/10/04 v1.4n Standard LaTeX file (size option)
)
\c@part=\count183
\c@section=\count184
\c@subsection=\count185
\c@subsubsection=\count186
\c@paragraph=\count187
\c@subparagraph=\count188
\c@figure=\count189
\c@table=\count190
\abovecaptionskip=\skip47
\belowcaptionskip=\skip48
\bibindent=\dimen138
)
(C:/Users/GGPC/AppData/Local/Programs/MiKTeX\tex/latex/amsmath\amsmath.sty
Package: amsmath 2021/10/15 v2.17l AMS math features
\@mathmargin=\skip49

For additional information on amsmath, use the `?' option.
(C:/Users/GGPC/AppData/Local/Programs/MiKTeX\tex/latex/amsmath\amstext.sty
Package: amstext 2021/08/26 v2.01 AMS text

(C:/Users/GGPC/AppData/Local/Programs/MiKTeX\tex/latex/amsmath\amsgen.sty
File: amsgen.sty 1999/11/30 v2.0 generic functions
\@emptytoks=\toks16
\ex@=\dimen139
))
(C:/Users/GGPC/AppData/Local/Programs/MiKTeX\tex/latex/amsmath\amsbsy.sty
Package: amsbsy 1999/11/29 v1.2d Bold Symbols
\pmbraise@=\dimen140
)
(C:/Users/GGPC/AppData/Local/Programs/MiKTeX\tex/latex/amsmath\amsopn.sty
Package: amsopn 2021/08/26 v2.02 operator names
)
\inf@bad=\count191
LaTeX Info: Redefining \frac on input line 234.
\uproot@=\count192
\leftroot@=\count193
LaTeX Info: Redefining \overline on input line 399.
\classnum@=\count194
\DOTSCASE@=\count195
LaTeX Info: Redefining \ldots on input line 496.
LaTeX Info: Redefining \dots on input line 499.
LaTeX Info: Redefining \cdots on input line 620.
\Mathstrutbox@=\box50
\strutbox@=\box51
\big@size=\dimen141
LaTeX Font Info:    Redeclaring font encoding OML on input line 743.
LaTeX Font Info:    Redeclaring font encoding OMS on input line 744.
\macc@depth=\count196
\c@MaxMatrixCols=\count197
\dotsspace@=\muskip16
\c@parentequation=\count198
\dspbrk@lvl=\count199
\tag@help=\toks17
\row@=\count266
\column@=\count267
\maxfields@=\count268
\andhelp@=\toks18
\eqnshift@=\dimen142
\alignsep@=\dimen143
\tagshift@=\dimen144
\tagwidth@=\dimen145
\totwidth@=\dimen146
\lineht@=\dimen147
\@envbody=\toks19
\multlinegap=\skip50
\multlinetaggap=\skip51
\mathdisplay@stack=\toks20
LaTeX Info: Redefining \[ on input line 2938.
LaTeX Info: Redefining \] on input line 2939.
)
(C:/Users/GGPC/AppData/Local/Programs/MiKTeX\tex/latex/graphics\graphicx.sty
Package: graphicx 2021/09/16 v1.2d Enhanced LaTeX Graphics (DPC,SPQR)

(C:/Users/GGPC/AppData/Local/Programs/MiKTeX\tex/latex/graphics\keyval.sty
Package: keyval 2014/10/28 v1.15 key=value parser (DPC)
\KV@toks@=\toks21
)
(C:/Users/GGPC/AppData/Local/Programs/MiKTeX\tex/latex/graphics\graphics.sty
Package: graphics 2021/03/04 v1.4d Standard LaTeX Graphics (DPC,SPQR)

(C:/Users/GGPC/AppData/Local/Programs/MiKTeX\tex/latex/graphics\trig.sty
Package: trig 2021/08/11 v1.11 sin cos tan (DPC)
)
(C:/Users/GGPC/AppData/Local/Programs/MiKTeX\tex/latex/graphics-cfg\graphics.cf
g
File: graphics.cfg 2016/06/04 v1.11 sample graphics configuration
)
Package graphics Info: Driver file: pdftex.def on input line 107.

(C:/Users/GGPC/AppData/Local/Programs/MiKTeX\tex/latex/graphics-def\pdftex.def
File: pdftex.def 2020/10/05 v1.2a Graphics/color driver for pdftex
))
\Gin@req@height=\dimen148
\Gin@req@width=\dimen149
)
(C:/Users/GGPC/AppData/Local/Programs/MiKTeX\tex/latex/adjustbox\adjustbox.sty
Package: adjustbox 2020/08/19 v1.3 Adjusting TeX boxes (trim, clip, ...)

(C:/Users/GGPC/AppData/Local/Programs/MiKTeX\tex/latex/xkeyval\xkeyval.sty
Package: xkeyval 2020/11/20 v2.8 package option processing (HA)

(C:/Users/GGPC/AppData/Local/Programs/MiKTeX\tex/generic/xkeyval\xkeyval.tex
(C:/Users/GGPC/AppData/Local/Programs/MiKTeX\tex/generic/xkeyval\xkvutils.tex
\XKV@toks=\toks22
\XKV@tempa@toks=\toks23
)
\XKV@depth=\count269
File: xkeyval.tex 2014/12/03 v2.7a key=value parser (HA)
)) (C:/Users/GGPC/AppData/Local/Programs/MiKTeX\tex/latex/adjustbox\adjcalc.sty
Package: adjcalc 2012/05/16 v1.1 Provides advanced setlength with multiple back
-ends (calc, etex, pgfmath)
) (C:/Users/GGPC/AppData/Local/Programs/MiKTeX\tex/latex/adjustbox\trimclip.sty
Package: trimclip 2020/08/19 v1.2 Trim and clip general TeX material

(C:/packages\tex/latex\collectbox\collectbox.sty
Package: collectbox 2012/05/17 v0.4b Collect macro arguments as boxes
\collectedbox=\box52
)
\tc@llx=\dimen150
\tc@lly=\dimen151
\tc@urx=\dimen152
\tc@ury=\dimen153
Package trimclip Info: Using driver 'tc-pdftex.def'.

(C:/Users/GGPC/AppData/Local/Programs/MiKTeX\tex/latex/adjustbox\tc-pdftex.def
File: tc-pdftex.def 2019/01/04 v2.2 Clipping driver for pdftex
))
\adjbox@Width=\dimen154
\adjbox@Height=\dimen155
\adjbox@Depth=\dimen156
\adjbox@Totalheight=\dimen157
\adjbox@pwidth=\dimen158
\adjbox@pheight=\dimen159
\adjbox@pdepth=\dimen160
\adjbox@ptotalheight=\dimen161
 (C:/packages\tex/latex\ifoddpage\ifoddpage.sty
Package: ifoddpage 2016/04/23 v1.1 Conditionals for odd/even page detection
\c@checkoddpage=\count270
)
(C:/packages\tex/latex\varwidth\varwidth.sty
Package: varwidth 2009/03/30 ver 0.92;  Variable-width minipages
\@vwid@box=\box53
\sift@deathcycles=\count271
\@vwid@loff=\dimen162
\@vwid@roff=\dimen163
))
(C:/Users/GGPC/AppData/Local/Programs/MiKTeX\tex/latex/float\float.sty
Package: float 2001/11/08 v1.3d Float enhancements (AL)
\c@float@type=\count272
\float@exts=\toks24
\float@box=\box54
\@float@everytoks=\toks25
\@floatcapt=\box55
)
(C:/Users/GGPC/AppData/Local/Programs/MiKTeX\tex/latex/l3backend\l3backend-pdft
ex.def
File: l3backend-pdftex.def 2021-10-18 L3 backend support: PDF output (pdfTeX)
\l__color_backend_stack_int=\count273
\l__pdf_internal_box=\box56
)
No file 03_12.aux.
\openout1 = `03_12.aux'.

LaTeX Font Info:    Checking defaults for OML/cmm/m/it on input line 16.
LaTeX Font Info:    ... okay on input line 16.
LaTeX Font Info:    Checking defaults for OMS/cmsy/m/n on input line 16.
LaTeX Font Info:    ... okay on input line 16.
LaTeX Font Info:    Checking defaults for OT1/cmr/m/n on input line 16.
LaTeX Font Info:    ... okay on input line 16.
LaTeX Font Info:    Checking defaults for T1/cmr/m/n on input line 16.
LaTeX Font Info:    ... okay on input line 16.
LaTeX Font Info:    Checking defaults for TS1/cmr/m/n on input line 16.
LaTeX Font Info:    ... okay on input line 16.
LaTeX Font Info:    Checking defaults for OMX/cmex/m/n on input line 16.
LaTeX Font Info:    ... okay on input line 16.
LaTeX Font Info:    Checking defaults for U/cmr/m/n on input line 16.
LaTeX Font Info:    ... okay on input line 16.

(C:/Users/GGPC/AppData/Local/Programs/MiKTeX\tex/context/base/mkii\supp-pdf.mki
i
[Loading MPS to PDF converter (version 2006.09.02).]
\scratchcounter=\count274
\scratchdimen=\dimen164
\scratchbox=\box57
\nofMPsegments=\count275
\nofMParguments=\count276
\everyMPshowfont=\toks26
\MPscratchCnt=\count277
\MPscratchDim=\dimen165
\MPnumerator=\count278
\makeMPintoPDFobject=\count279
\everyMPtoPDFconversion=\toks27
)
(C:/Users/GGPC/AppData/Local/Programs/MiKTeX\tex/latex/epstopdf-pkg\epstopdf-ba
se.sty
Package: epstopdf-base 2020-01-24 v2.11 Base part for package epstopdf
Package epstopdf-base Info: Redefining graphics rule for `.eps' on input line 4
85.

(C:/Users/GGPC/AppData/Local/Programs/MiKTeX\tex/latex/00miktex\epstopdf-sys.cf
g
File: epstopdf-sys.cfg 2021/03/18 v2.0 Configuration of epstopdf for MiKTeX
))

LaTeX Warning: No \author given.

[1

{C:/Users/GGPC/AppData/Local/MiKTeX/pdftex/config/pdftex.map}]
<../plots/0312//mean_kdeplot_1.png, id=8, 515.9275pt x 176.66pt>
File: ../plots/0312//mean_kdeplot_1.png Graphic file (type png)
<use ../plots/0312//mean_kdeplot_1.png>
Package pdftex.def Info: ../plots/0312//mean_kdeplot_1.png  used on input line 
38.
(pdftex.def)             Requested size: 312.00119pt x 106.83514pt.
<../plots/0312//mean_kdeplot_2.png, id=10, 513.92pt x 176.66pt>
File: ../plots/0312//mean_kdeplot_2.png Graphic file (type png)
<use ../plots/0312//mean_kdeplot_2.png>
Package pdftex.def Info: ../plots/0312//mean_kdeplot_2.png  used on input line 
39.
(pdftex.def)             Requested size: 312.00119pt x 107.25296pt.
<../plots/0312//mean_kdeplot_3.png, id=11, 513.92pt x 176.66pt>
File: ../plots/0312//mean_kdeplot_3.png Graphic file (type png)
<use ../plots/0312//mean_kdeplot_3.png>
Package pdftex.def Info: ../plots/0312//mean_kdeplot_3.png  used on input line 
40.
(pdftex.def)             Requested size: 312.00119pt x 107.25296pt.

Underfull \hbox (badness 10000) in paragraph at lines 38--41
[][]
 []


Underfull \hbox (badness 10000) in paragraph at lines 38--41
[]
 []

<../plots/0312//mean_heatmap.png, id=12, 433.62pt x 289.08pt>
File: ../plots/0312//mean_heatmap.png Graphic file (type png)
<use ../plots/0312//mean_heatmap.png>
Package pdftex.def Info: ../plots/0312//mean_heatmap.png  used on input line 43
.
(pdftex.def)             Requested size: 433.61894pt x 289.07928pt.

Overfull \hbox (43.61894pt too wide) in paragraph at lines 43--44
[][] 
 []


LaTeX Warning: Float too large for page by 118.58698pt on input line 47.

