This is pdfTeX, Version 3.141592653-2.6-1.40.23 (MiKTeX 21.8) (preloaded format=pdflatex 2021.12.9)  9 DEC 2021 15:37
entering extended mode
**./09_12.pdf
(09_12.pdf
LaTeX2e <2021-06-01> patch level 1
L3 programming layer <2021-08-27>
(C:\Users\Administrator\AppData\Local\Programs\MiKTeX\tex/latex/base\article.cl
s
Document Class: article 2021/02/12 v1.4n Standard LaTeX document class

(C:\Users\Administrator\AppData\Local\Programs\MiKTeX\tex/latex/base\size12.clo
File: size12.clo 2021/02/12 v1.4n Standard LaTeX file (size option)
)
\c@part=\count182
\c@section=\count183
\c@subsection=\count184
\c@subsubsection=\count185
\c@paragraph=\count186
\c@subparagraph=\count187
\c@figure=\count188
\c@table=\count189
\abovecaptionskip=\skip47
\belowcaptionskip=\skip48
\bibindent=\dimen138
)
(C:\Users\Administrator\AppData\Local\Programs\MiKTeX\tex/latex/amsmath\amsmath
.sty
Package: amsmath 2021/04/20 v2.17j AMS math features
\@mathmargin=\skip49

For additional information on amsmath, use the `?' option.

(C:\Users\Administrator\AppData\Local\Programs\MiKTeX\tex/latex/amsmath\amstext
.sty
Package: amstext 2000/06/29 v2.01 AMS text

(C:\Users\Administrator\AppData\Local\Programs\MiKTeX\tex/latex/amsmath\amsgen.
sty
File: amsgen.sty 1999/11/30 v2.0 generic functions
\@emptytoks=\toks16
\ex@=\dimen139
))
(C:\Users\Administrator\AppData\Local\Programs\MiKTeX\tex/latex/amsmath\amsbsy.
sty
Package: amsbsy 1999/11/29 v1.2d Bold Symbols
\pmbraise@=\dimen140
)
(C:\Users\Administrator\AppData\Local\Programs\MiKTeX\tex/latex/amsmath\amsopn.
sty
Package: amsopn 2016/03/08 v2.02 operator names
)
\inf@bad=\count190
LaTeX Info: Redefining \frac on input line 234.
\uproot@=\count191
\leftroot@=\count192
LaTeX Info: Redefining \overline on input line 399.
\classnum@=\count193
\DOTSCASE@=\count194
LaTeX Info: Redefining \ldots on input line 496.
LaTeX Info: Redefining \dots on input line 499.
LaTeX Info: Redefining \cdots on input line 620.
\Mathstrutbox@=\box50
\strutbox@=\box51
\big@size=\dimen141
LaTeX Font Info:    Redeclaring font encoding OML on input line 743.
LaTeX Font Info:    Redeclaring font encoding OMS on input line 744.
\macc@depth=\count195
\c@MaxMatrixCols=\count196
\dotsspace@=\muskip16
\c@parentequation=\count197
\dspbrk@lvl=\count198
\tag@help=\toks17
\row@=\count199
\column@=\count266
\maxfields@=\count267
\andhelp@=\toks18
\eqnshift@=\dimen142
\alignsep@=\dimen143
\tagshift@=\dimen144
\tagwidth@=\dimen145
\totwidth@=\dimen146
\lineht@=\dimen147
\@envbody=\toks19
\multlinegap=\skip50
\multlinetaggap=\skip51
\mathdisplay@stack=\toks20
LaTeX Info: Redefining \[ on input line 2923.
LaTeX Info: Redefining \] on input line 2924.
)
(C:\Users\Administrator\AppData\Local\Programs\MiKTeX\tex/latex/graphics\graphi
cx.sty
Package: graphicx 2020/12/05 v1.2c Enhanced LaTeX Graphics (DPC,SPQR)

(C:\Users\Administrator\AppData\Local\Programs\MiKTeX\tex/latex/graphics\keyval
.sty
Package: keyval 2014/10/28 v1.15 key=value parser (DPC)
\KV@toks@=\toks21
)
(C:\Users\Administrator\AppData\Local\Programs\MiKTeX\tex/latex/graphics\graphi
cs.sty
Package: graphics 2021/03/04 v1.4d Standard LaTeX Graphics (DPC,SPQR)

(C:\Users\Administrator\AppData\Local\Programs\MiKTeX\tex/latex/graphics\trig.s
ty
Package: trig 2016/01/03 v1.10 sin cos tan (DPC)
)
(C:\Users\Administrator\AppData\Local\Programs\MiKTeX\tex/latex/graphics-cfg\gr
aphics.cfg
File: graphics.cfg 2016/06/04 v1.11 sample graphics configuration
)
Package graphics Info: Driver file: pdftex.def on input line 107.

(C:\Users\Administrator\AppData\Local\Programs\MiKTeX\tex/latex/graphics-def\pd
ftex.def
File: pdftex.def 2020/10/05 v1.2a Graphics/color driver for pdftex
))
\Gin@req@height=\dimen148
\Gin@req@width=\dimen149
)
(C:\Users\Administrator\AppData\Local\Programs\MiKTeX\tex/latex/adjustbox\adjus
tbox.sty
Package: adjustbox 2020/08/19 v1.3 Adjusting TeX boxes (trim, clip, ...)

(C:\Users\Administrator\AppData\Local\Programs\MiKTeX\tex/latex/xkeyval\xkeyval
.sty
Package: xkeyval 2020/11/20 v2.8 package option processing (HA)

(C:\Users\Administrator\AppData\Local\Programs\MiKTeX\tex/generic/xkeyval\xkeyv
al.tex
(C:\Users\Administrator\AppData\Local\Programs\MiKTeX\tex/generic/xkeyval\xkvut
ils.tex
\XKV@toks=\toks22
\XKV@tempa@toks=\toks23
)
\XKV@depth=\count268
File: xkeyval.tex 2014/12/03 v2.7a key=value parser (HA)
))
(C:\Users\Administrator\AppData\Local\Programs\MiKTeX\tex/latex/adjustbox\adjca
lc.sty
Package: adjcalc 2012/05/16 v1.1 Provides advanced setlength with multiple back
-ends (calc, etex, pgfmath)
)
(C:\Users\Administrator\AppData\Local\Programs\MiKTeX\tex/latex/adjustbox\trimc
lip.sty
Package: trimclip 2020/08/19 v1.2 Trim and clip general TeX material

(C:\Users\Administrator\AppData\Local\Programs\MiKTeX\tex/latex/collectbox\coll
ectbox.sty
Package: collectbox 2012/05/17 v0.4b Collect macro arguments as boxes
\collectedbox=\box52
)
\tc@llx=\dimen150
\tc@lly=\dimen151
\tc@urx=\dimen152
\tc@ury=\dimen153
Package trimclip Info: Using driver 'tc-pdftex.def'.

(C:\Users\Administrator\AppData\Local\Programs\MiKTeX\tex/latex/adjustbox\tc-pd
ftex.def
File: tc-pdftex.def 2019/01/04 v2.2 Clipping driver for pdftex
))
\adjbox@Width=\dimen154
\adjbox@Height=\dimen155
\adjbox@Depth=\dimen156
\adjbox@Totalheight=\dimen157
\adjbox@pwidth=\dimen158
\adjbox@pheight=\dimen159
\adjbox@pdepth=\dimen160
\adjbox@ptotalheight=\dimen161

(C:\Users\Administrator\AppData\Local\Programs\MiKTeX\tex/latex/ifoddpage\ifodd
page.sty
Package: ifoddpage 2016/04/23 v1.1 Conditionals for odd/even page detection
\c@checkoddpage=\count269
)
(C:\Users\Administrator\AppData\Local\Programs\MiKTeX\tex/latex/varwidth\varwid
th.sty
Package: varwidth 2009/03/30 ver 0.92;  Variable-width minipages
\@vwid@box=\box53
\sift@deathcycles=\count270
\@vwid@loff=\dimen162
\@vwid@roff=\dimen163
))
(C:\Users\Administrator\AppData\Local\Programs\MiKTeX\tex/latex/geometry\geomet
ry.sty
Package: geometry 2020/01/02 v5.9 Page Geometry

(C:\Users\Administrator\AppData\Local\Programs\MiKTeX\tex/generic/iftex\ifvtex.
sty
Package: ifvtex 2019/10/25 v1.7 ifvtex legacy package. Use iftex instead.

(C:\Users\Administrator\AppData\Local\Programs\MiKTeX\tex/generic/iftex\iftex.s
ty
Package: iftex 2020/03/06 v1.0d TeX engine tests
))
\Gm@cnth=\count271
\Gm@cntv=\count272
\c@Gm@tempcnt=\count273
\Gm@bindingoffset=\dimen164
\Gm@wd@mp=\dimen165
\Gm@odd@mp=\dimen166
\Gm@even@mp=\dimen167
\Gm@layoutwidth=\dimen168
\Gm@layoutheight=\dimen169
\Gm@layouthoffset=\dimen170
\Gm@layoutvoffset=\dimen171
\Gm@dimlist=\toks24

(C:\Users\Administrator\AppData\Local\Programs\MiKTeX\tex/latex/geometry\geomet
ry.cfg))
(C:\Users\Administrator\AppData\Local\Programs\MiKTeX\tex/latex/l3backend\l3bac
kend-pdftex.def
File: l3backend-pdftex.def 2021-08-04 L3 backend support: PDF output (pdfTeX)
\l__color_backend_stack_int=\count274
\l__pdf_internal_box=\box54
) (09_12.aux)
\openout1 = `09_12.aux'.

LaTeX Font Info:    Checking defaults for OML/cmm/m/it on input line 15.
LaTeX Font Info:    ... okay on input line 15.
LaTeX Font Info:    Checking defaults for OMS/cmsy/m/n on input line 15.
LaTeX Font Info:    ... okay on input line 15.
LaTeX Font Info:    Checking defaults for OT1/cmr/m/n on input line 15.
LaTeX Font Info:    ... okay on input line 15.
LaTeX Font Info:    Checking defaults for T1/cmr/m/n on input line 15.
LaTeX Font Info:    ... okay on input line 15.
LaTeX Font Info:    Checking defaults for TS1/cmr/m/n on input line 15.
LaTeX Font Info:    ... okay on input line 15.
LaTeX Font Info:    Checking defaults for OMX/cmex/m/n on input line 15.
LaTeX Font Info:    ... okay on input line 15.
LaTeX Font Info:    Checking defaults for U/cmr/m/n on input line 15.
LaTeX Font Info:    ... okay on input line 15.

(C:\Users\Administrator\AppData\Local\Programs\MiKTeX\tex/context/base/mkii\sup
p-pdf.mkii
[Loading MPS to PDF converter (version 2006.09.02).]
\scratchcounter=\count275
\scratchdimen=\dimen172
\scratchbox=\box55
\nofMPsegments=\count276
\nofMParguments=\count277
\everyMPshowfont=\toks25
\MPscratchCnt=\count278
\MPscratchDim=\dimen173
\MPnumerator=\count279
\makeMPintoPDFobject=\count280
\everyMPtoPDFconversion=\toks26
)
(C:\Users\Administrator\AppData\Local\Programs\MiKTeX\tex/latex/epstopdf-pkg\ep
stopdf-base.sty
Package: epstopdf-base 2020-01-24 v2.11 Base part for package epstopdf
Package epstopdf-base Info: Redefining graphics rule for `.eps' on input line 4
85.

(C:\Users\Administrator\AppData\Local\Programs\MiKTeX\tex/latex/00miktex\epstop
df-sys.cfg
File: epstopdf-sys.cfg 2021/03/18 v2.0 Configuration of epstopdf for MiKTeX
))
*geometry* driver: auto-detecting
*geometry* detected driver: pdftex
*geometry* verbose mode - [ preamble ] result:
* driver: pdftex
* paper: <default>
* layout: <same size as paper>
* layoutoffset:(h,v)=(0.0pt,0.0pt)
* modes: 
* h-part:(L,W,R)=(92.14519pt, 430.00462pt, 92.14519pt)
* v-part:(T,H,B)=(95.39737pt, 685.11885pt, 14.45377pt)
* \paperwidth=614.295pt
* \paperheight=794.96999pt
* \textwidth=430.00462pt
* \textheight=685.11885pt
* \oddsidemargin=19.8752pt
* \evensidemargin=19.8752pt
* \topmargin=-72.26999pt
* \headheight=12.0pt
* \headsep=25.0pt
* \topskip=12.0pt
* \footskip=30.0pt
* \marginparwidth=44.0pt
* \marginparsep=10.0pt
* \columnsep=10.0pt
* \skip\footins=10.8pt plus 4.0pt minus 2.0pt
* \hoffset=0.0pt
* \voffset=0.0pt
* \mag=1000
* \@twocolumnfalse
* \@twosidefalse
* \@mparswitchfalse
* \@reversemarginfalse
* (1in=72.27pt=25.4mm, 1cm=28.453pt)

[1

{C:/Users/Administrator/AppData/Local/MiKTeX/pdftex/config/pdftex.map}]
<../plots/09_12//corr-mw-MEAN.png, id=8, 462.528pt x 346.896pt>
File: ../plots/09_12//corr-mw-MEAN.png Graphic file (type png)
<use ../plots/09_12//corr-mw-MEAN.png>
Package pdftex.def Info: ../plots/09_12//corr-mw-MEAN.png  used on input line 4
3.
(pdftex.def)             Requested size: 408.50307pt x 306.39157pt.
<../plots/09_12//corr-mw-MAX.png, id=10, 462.528pt x 346.896pt>
File: ../plots/09_12//corr-mw-MAX.png Graphic file (type png)
<use ../plots/09_12//corr-mw-MAX.png>
Package pdftex.def Info: ../plots/09_12//corr-mw-MAX.png  used on input line 46
.
(pdftex.def)             Requested size: 408.50307pt x 306.39157pt.
<../plots/09_12//corr-mw-DELTA.png, id=11, 462.528pt x 346.896pt>
File: ../plots/09_12//corr-mw-DELTA.png Graphic file (type png)
<use ../plots/09_12//corr-mw-DELTA.png>
Package pdftex.def Info: ../plots/09_12//corr-mw-DELTA.png  used on input line 
54.
(pdftex.def)             Requested size: 408.50307pt x 306.39157pt.
<../plots/09_12//corr-mw-SD.png, id=12, 462.528pt x 346.896pt>
File: ../plots/09_12//corr-mw-SD.png Graphic file (type png)
<use ../plots/09_12//corr-mw-SD.png>
Package pdftex.def Info: ../plots/09_12//corr-mw-SD.png  used on input line 57.

(pdftex.def)             Requested size: 408.50307pt x 306.39157pt.
<../plots/09_12//corr-depth-MEAN.png, id=13, 462.528pt x 346.896pt>
File: ../plots/09_12//corr-depth-MEAN.png Graphic file (type png)
<use ../plots/09_12//corr-depth-MEAN.png>
Package pdftex.def Info: ../plots/09_12//corr-depth-MEAN.png  used on input lin
e 69.
(pdftex.def)             Requested size: 408.50307pt x 306.39157pt.
<../plots/09_12//corr-depth-MAX.png, id=14, 462.528pt x 346.896pt>
File: ../plots/09_12//corr-depth-MAX.png Graphic file (type png)
<use ../plots/09_12//corr-depth-MAX.png>
Package pdftex.def Info: ../plots/09_12//corr-depth-MAX.png  used on input line
 72.
(pdftex.def)             Requested size: 408.50307pt x 306.39157pt.
<../plots/09_12//corr-depth-DELTA.png, id=15, 462.528pt x 346.896pt>
File: ../plots/09_12//corr-depth-DELTA.png Graphic file (type png)
<use ../plots/09_12//corr-depth-DELTA.png>
Package pdftex.def Info: ../plots/09_12//corr-depth-DELTA.png  used on input li
ne 80.
(pdftex.def)             Requested size: 408.50307pt x 306.39157pt.
<../plots/09_12//corr-depth-SD.png, id=16, 462.528pt x 346.896pt>
File: ../plots/09_12//corr-depth-SD.png Graphic file (type png)
<use ../plots/09_12//corr-depth-SD.png>
Package pdftex.def Info: ../plots/09_12//corr-depth-SD.png  used on input line 
83.
(pdftex.def)             Requested size: 408.50307pt x 306.39157pt.
<../plots/09_12//corr-lat-MEAN.png, id=17, 462.528pt x 346.896pt>
File: ../plots/09_12//corr-lat-MEAN.png Graphic file (type png)
<use ../plots/09_12//corr-lat-MEAN.png>
Package pdftex.def Info: ../plots/09_12//corr-lat-MEAN.png  used on input line 
95.
(pdftex.def)             Requested size: 408.50307pt x 306.39157pt.
<../plots/09_12//corr-lat-MAX.png, id=18, 462.528pt x 346.896pt>
File: ../plots/09_12//corr-lat-MAX.png Graphic file (type png)
<use ../plots/09_12//corr-lat-MAX.png>
Package pdftex.def Info: ../plots/09_12//corr-lat-MAX.png  used on input line 9
8.
(pdftex.def)             Requested size: 408.50307pt x 306.39157pt.
<../plots/09_12//corr-lat-DELTA.png, id=19, 462.528pt x 346.896pt>
File: ../plots/09_12//corr-lat-DELTA.png Graphic file (type png)
<use ../plots/09_12//corr-lat-DELTA.png>
Package pdftex.def Info: ../plots/09_12//corr-lat-DELTA.png  used on input line
 106.
(pdftex.def)             Requested size: 408.50307pt x 306.39157pt.
<../plots/09_12//corr-lat-SD.png, id=20, 462.528pt x 346.896pt>
File: ../plots/09_12//corr-lat-SD.png Graphic file (type png)
<use ../plots/09_12//corr-lat-SD.png>
Package pdftex.def Info: ../plots/09_12//corr-lat-SD.png  used on input line 10
9.
(pdftex.def)             Requested size: 408.50307pt x 306.39157pt.
<../plots/09_12//corr-lon-MEAN.png, id=21, 462.528pt x 346.896pt>
File: ../plots/09_12//corr-lon-MEAN.png Graphic file (type png)
<use ../plots/09_12//corr-lon-MEAN.png>
Package pdftex.def Info: ../plots/09_12//corr-lon-MEAN.png  used on input line 
121.
(pdftex.def)             Requested size: 408.50307pt x 306.39157pt.
<../plots/09_12//corr-lon-MAX.png, id=22, 462.528pt x 346.896pt>
File: ../plots/09_12//corr-lon-MAX.png Graphic file (type png)
<use ../plots/09_12//corr-lon-MAX.png>
Package pdftex.def Info: ../plots/09_12//corr-lon-MAX.png  used on input line 1
24.
(pdftex.def)             Requested size: 408.50307pt x 306.39157pt.
<../plots/09_12//corr-lon-DELTA.png, id=23, 462.528pt x 346.896pt>
File: ../plots/09_12//corr-lon-DELTA.png Graphic file (type png)
<use ../plots/09_12//corr-lon-DELTA.png>
Package pdftex.def Info: ../plots/09_12//corr-lon-DELTA.png  used on input line
 132.
(pdftex.def)             Requested size: 408.50307pt x 306.39157pt.
<../plots/09_12//corr-lon-SD.png, id=24, 462.528pt x 346.896pt>
File: ../plots/09_12//corr-lon-SD.png Graphic file (type png)
<use ../plots/09_12//corr-lon-SD.png>
Package pdftex.def Info: ../plots/09_12//corr-lon-SD.png  used on input line 13
5.
(pdftex.def)             Requested size: 408.50307pt x 306.39157pt.

[2 <../plots/09_12//corr-mw-MEAN.png> <../plots/09_12//corr-mw-MAX.png>]
[3 <../plots/09_12//corr-mw-DELTA.png> <../plots/09_12//corr-mw-SD.png>]
[4 <../plots/09_12//corr-depth-MEAN.png> <../plots/09_12//corr-depth-MAX.png>]
[5 <../plots/09_12//corr-depth-DELTA.png> <../plots/09_12//corr-depth-SD.png>]
[6 <../plots/09_12//corr-lat-MEAN.png> <../plots/09_12//corr-lat-MAX.png>]
[7 <../plots/09_12//corr-lat-DELTA.png> <../plots/09_12//corr-lat-SD.png>]
[8 <../plots/09_12//corr-lon-MEAN.png> <../plots/09_12//corr-lon-MAX.png>]
[9 <../plots/09_12//corr-lon-DELTA.png> <../plots/09_12//corr-lon-SD.png>]
(09_12.aux) ) 
Here is how much of TeX's memory you used:
 3568 strings out of 478927
 57719 string characters out of 2848743
 359250 words of memory out of 3000000
 21389 multiletter control sequences out of 15000+600000
 406031 words of font info for 36 fonts, out of 8000000 for 9000
 1141 hyphenation exceptions out of 8191
 57i,6n,66p,243b,290s stack positions out of 5000i,500n,10000p,200000b,80000s
 <C:\Users\Administrator\AppData\Local\MiKTeX\fonts/pk/ljfour/jkna
ppen/ec/dpi600\tcrm1440.pk><C:/Users/Administrator/AppData/Local/Programs/MiKTe
X/fonts/type1/public/amsfonts/cm/cmr12.pfb><C:/Users/Administrator/AppData/Loca
l/Programs/MiKTeX/fonts/type1/public/amsfonts/cm/cmr17.pfb>
Output written on 09_12.pdf (9 pages, 745804 bytes).
PDF statistics:
 80 PDF objects out of 1000 (max. 8388607)
 0 named destinations out of 1000 (max. 500000)
 81 words of extra memory for PDF output out of 10000 (max. 10000000)

